Copyright 1986-2022 Xilinx, Inc. All Rights Reserved. Copyright 2022-2024 Advanced Micro Devices, Inc. All Rights Reserved.
---------------------------------------------------------------------------------------------------------------------------------------------
| Tool Version : Vivado v.2024.2 (win64) Build 5239630 Fri Nov 08 22:35:27 MST 2024
| Date         : Thu Apr 23 11:07:46 2026
| Host         : ENGR-G8DHVD3 running 64-bit major release  (build 9200)
| Command      : report_drc -file D_Latch_drc_routed.rpt -pb D_Latch_drc_routed.pb -rpx D_Latch_drc_routed.rpx
| Design       : D_Latch
| Device       : xc7a35tcpg236-1
| Speed File   : -1
| Design State : Fully Routed
---------------------------------------------------------------------------------------------------------------------------------------------

Report DRC

Table of Contents
-----------------
1. REPORT SUMMARY
2. REPORT DETAILS

1. REPORT SUMMARY
-----------------
            Netlist: netlist
          Floorplan: design_1
      Design limits: <entire design considered>
           Ruledeck: default
             Max checks: <unlimited>
             Checks found: 2
+----------+------------------+-----------------------------------------------------+--------+
| Rule     | Severity         | Description                                         | Checks |
+----------+------------------+-----------------------------------------------------+--------+
| LUTLP-1  | Critical Warning | Combinatorial Loop Alert                            | 1      |
| CFGBVS-1 | Warning          | Missing CFGBVS and CONFIG_VOLTAGE Design Properties | 1      |
+----------+------------------+-----------------------------------------------------+--------+

2. REPORT DETAILS
-----------------
LUTLP-1#1 Critical Warning
Combinatorial Loop Alert  
2 LUT cells form a combinatorial loop. This can create a race condition. Timing analysis may not be accurate. The preferred resolution is to modify the design to remove combinatorial logic loops. If the loop is known and understood, this DRC can be bypassed by acknowledging the condition and setting the following XDC constraint on any one of the nets in the loop: 'set_property ALLOW_COMBINATORIAL_LOOPS TRUE [get_nets <myHier/myNet>]'. One net in the loop is Qa. Please evaluate your design. The cells in the loop are: Qa_inferred_i_1, Qb_inferred_i_1.
Related violations: <none>

CFGBVS-1#1 Warning
Missing CFGBVS and CONFIG_VOLTAGE Design Properties  
Neither the CFGBVS nor CONFIG_VOLTAGE voltage property is set in the current_design.  Configuration bank voltage select (CFGBVS) must be set to VCCO or GND, and CONFIG_VOLTAGE must be set to the correct configuration voltage, in order to determine the I/O voltage support for the pins in bank 0.  It is suggested to specify these either using the 'Edit Device Properties' function in the GUI or directly in the XDC file using the following syntax:

 set_property CFGBVS value1 [current_design]
 #where value1 is either VCCO or GND

 set_property CONFIG_VOLTAGE value2 [current_design]
 #where value2 is the voltage provided to configuration bank 0

Refer to the device configuration user guide for more information.
Related violations: <none>


